<?xml version="1.0" encoding="UTF-8"?>
<!-- Generated by org.testng.reporters.JUnitReportReporter -->
<testsuite hostname="Q14175" name="com.stockAcc.test" tests="1" failures="0" timestamp="12 Jul 2016 06:37:23 GMT" time="25.369" errors="0">
  <testcase name="a" time="25.369" classname="com.stockAcc.test"/>
</testsuite> <!-- com.stockAcc.test -->
